app/build/intermediates/manifest_merge_blame_file/debug/processDebugMainManifest/manifest-merger-blame-debug-report.txt
1<?xml version="1.0" encoding="utf-8"?>
2<manifest xmlns:android="http://schemas.android.com/apk/res/android"
3    package="br.com.precificacao.app"
4    android:versionCode="1"
5    android:versionName="1.0.0" >
6
7    <uses-sdk
8        android:minSdkVersion="26"
9        android:targetSdkVersion="34" />
10
11    <!-- Although the *SdkVersion is captured in gradle build files, this is required for non gradle builds -->
12    <!-- <uses-sdk android:minSdkVersion="21" /> -->
13    <uses-permission android:name="android.permission.INTERNET" />
13-->[com.google.firebase:firebase-functions:21.0.0] AndroidManifest.xml:9:5-67
13-->[com.google.firebase:firebase-functions:21.0.0] AndroidManifest.xml:9:22-64
14    <uses-permission android:name="android.permission.ACCESS_NETWORK_STATE" />
14-->[com.google.firebase:firebase-iid:21.1.0] AndroidManifest.xml:22:5-79
14-->[com.google.firebase:firebase-iid:21.1.0] AndroidManifest.xml:22:22-76
15    <uses-permission android:name="android.permission.WAKE_LOCK" /> <!-- Required by older versions of Google Play services to create IID tokens -->
15-->[com.google.firebase:firebase-iid:21.1.0] AndroidManifest.xml:24:5-68
15-->[com.google.firebase:firebase-iid:21.1.0] AndroidManifest.xml:24:22-65
16    <uses-permission android:name="com.google.android.c2dm.permission.RECEIVE" />
16-->[com.google.firebase:firebase-iid:21.1.0] AndroidManifest.xml:26:5-82
16-->[com.google.firebase:firebase-iid:21.1.0] AndroidManifest.xml:26:22-79
17    <uses-permission android:name="com.google.android.finsky.permission.BIND_GET_INSTALL_REFERRER_SERVICE" />
17-->[com.google.android.gms:play-services-measurement:22.1.2] AndroidManifest.xml:26:5-110
17-->[com.google.android.gms:play-services-measurement:22.1.2] AndroidManifest.xml:26:22-107
18    <uses-permission android:name="com.google.android.gms.permission.AD_ID" />
18-->[com.google.android.gms:play-services-measurement-impl:22.1.2] AndroidManifest.xml:27:5-79
18-->[com.google.android.gms:play-services-measurement-impl:22.1.2] AndroidManifest.xml:27:22-76
19    <uses-permission android:name="android.permission.ACCESS_ADSERVICES_ATTRIBUTION" />
19-->[com.google.android.gms:play-services-measurement-api:22.1.2] AndroidManifest.xml:26:5-88
19-->[com.google.android.gms:play-services-measurement-api:22.1.2] AndroidManifest.xml:26:22-85
20    <uses-permission android:name="android.permission.ACCESS_ADSERVICES_AD_ID" />
20-->[com.google.android.gms:play-services-measurement-api:22.1.2] AndroidManifest.xml:27:5-82
20-->[com.google.android.gms:play-services-measurement-api:22.1.2] AndroidManifest.xml:27:22-79
21
22    <permission
22-->[androidx.core:core:1.13.1] AndroidManifest.xml:22:5-24:47
23        android:name="br.com.precificacao.app.DYNAMIC_RECEIVER_NOT_EXPORTED_PERMISSION"
23-->[androidx.core:core:1.13.1] AndroidManifest.xml:23:9-81
24        android:protectionLevel="signature" />
24-->[androidx.core:core:1.13.1] AndroidManifest.xml:24:9-44
25
26    <uses-permission android:name="br.com.precificacao.app.DYNAMIC_RECEIVER_NOT_EXPORTED_PERMISSION" />
26-->[androidx.core:core:1.13.1] AndroidManifest.xml:26:5-97
26-->[androidx.core:core:1.13.1] AndroidManifest.xml:26:22-94
27
28    <application
28-->src\main\AndroidManifest.xml:4:5-20:19
29        android:name="br.com.precificacao.app.LojaApp"
29-->src\main\AndroidManifest.xml:5:9-32
30        android:allowBackup="true"
30-->src\main\AndroidManifest.xml:6:9-35
31        android:appComponentFactory="androidx.core.app.CoreComponentFactory"
31-->[androidx.core:core:1.13.1] AndroidManifest.xml:28:18-86
32        android:debuggable="true"
33        android:extractNativeLibs="false"
34        android:icon="@mipmap/ic_launcher"
34-->src\main\AndroidManifest.xml:7:9-43
35        android:label="@string/app_name"
35-->src\main\AndroidManifest.xml:8:9-41
36        android:supportsRtl="true"
36-->src\main\AndroidManifest.xml:9:9-35
37        android:theme="@style/Theme.LojaSimulada" >
37-->src\main\AndroidManifest.xml:10:9-50
38        <activity
38-->src\main\AndroidManifest.xml:11:9-19:20
39            android:name="br.com.precificacao.app.MainActivity"
39-->src\main\AndroidManifest.xml:12:13-41
40            android:exported="true"
40-->src\main\AndroidManifest.xml:13:13-36
41            android:theme="@style/Theme.LojaSimulada" >
41-->src\main\AndroidManifest.xml:14:13-54
42            <intent-filter>
42-->src\main\AndroidManifest.xml:15:13-18:29
43                <action android:name="android.intent.action.MAIN" />
43-->src\main\AndroidManifest.xml:16:17-69
43-->src\main\AndroidManifest.xml:16:25-66
44
45                <category android:name="android.intent.category.LAUNCHER" />
45-->src\main\AndroidManifest.xml:17:17-77
45-->src\main\AndroidManifest.xml:17:27-74
46            </intent-filter>
47        </activity>
48
49        <service
49-->[com.google.firebase:firebase-functions-ktx:21.0.0] AndroidManifest.xml:9:9-15:19
50            android:name="com.google.firebase.components.ComponentDiscoveryService"
50-->[com.google.firebase:firebase-functions-ktx:21.0.0] AndroidManifest.xml:10:13-84
51            android:directBootAware="true"
51-->[com.google.firebase:firebase-common:21.0.0] AndroidManifest.xml:32:13-43
52            android:exported="false" >
52-->[com.google.firebase:firebase-functions-ktx:21.0.0] AndroidManifest.xml:11:13-37
53            <meta-data
53-->[com.google.firebase:firebase-functions-ktx:21.0.0] AndroidManifest.xml:12:13-14:85
54                android:name="com.google.firebase.components:com.google.firebase.functions.ktx.FirebaseFunctionsLegacyRegistrar"
54-->[com.google.firebase:firebase-functions-ktx:21.0.0] AndroidManifest.xml:13:17-129
55                android:value="com.google.firebase.components.ComponentRegistrar" />
55-->[com.google.firebase:firebase-functions-ktx:21.0.0] AndroidManifest.xml:14:17-82
56            <meta-data
56-->[com.google.firebase:firebase-functions:21.0.0] AndroidManifest.xml:15:13-17:85
57                android:name="com.google.firebase.components:com.google.firebase.functions.FirebaseFunctionsKtxRegistrar"
57-->[com.google.firebase:firebase-functions:21.0.0] AndroidManifest.xml:16:17-122
58                android:value="com.google.firebase.components.ComponentRegistrar" />
58-->[com.google.firebase:firebase-functions:21.0.0] AndroidManifest.xml:17:17-82
59            <meta-data
59-->[com.google.firebase:firebase-functions:21.0.0] AndroidManifest.xml:18:13-20:85
60                android:name="com.google.firebase.components:com.google.firebase.functions.FunctionsRegistrar"
60-->[com.google.firebase:firebase-functions:21.0.0] AndroidManifest.xml:19:17-111
61                android:value="com.google.firebase.components.ComponentRegistrar" />
61-->[com.google.firebase:firebase-functions:21.0.0] AndroidManifest.xml:20:17-82
62            <meta-data
62-->[com.google.firebase:firebase-iid:21.1.0] AndroidManifest.xml:32:13-34:85
63                android:name="com.google.firebase.components:com.google.firebase.iid.Registrar"
63-->[com.google.firebase:firebase-iid:21.1.0] AndroidManifest.xml:33:17-96
64                android:value="com.google.firebase.components.ComponentRegistrar" />
64-->[com.google.firebase:firebase-iid:21.1.0] AndroidManifest.xml:34:17-82
65            <meta-data
65-->[com.google.firebase:firebase-analytics-ktx:22.1.2] AndroidManifest.xml:11:13-13:85
66                android:name="com.google.firebase.components:com.google.firebase.analytics.ktx.FirebaseAnalyticsLegacyRegistrar"
66-->[com.google.firebase:firebase-analytics-ktx:22.1.2] AndroidManifest.xml:12:17-129
67                android:value="com.google.firebase.components.ComponentRegistrar" />
67-->[com.google.firebase:firebase-analytics-ktx:22.1.2] AndroidManifest.xml:13:17-82
68            <meta-data
68-->[com.google.android.gms:play-services-measurement-api:22.1.2] AndroidManifest.xml:37:13-39:85
69                android:name="com.google.firebase.components:com.google.firebase.analytics.connector.internal.AnalyticsConnectorRegistrar"
69-->[com.google.android.gms:play-services-measurement-api:22.1.2] AndroidManifest.xml:38:17-139
70                android:value="com.google.firebase.components.ComponentRegistrar" />
70-->[com.google.android.gms:play-services-measurement-api:22.1.2] AndroidManifest.xml:39:17-82
71            <meta-data
71-->[com.google.firebase:firebase-installations:18.0.0] AndroidManifest.xml:15:13-17:85
72                android:name="com.google.firebase.components:com.google.firebase.installations.FirebaseInstallationsKtxRegistrar"
72-->[com.google.firebase:firebase-installations:18.0.0] AndroidManifest.xml:16:17-130
73                android:value="com.google.firebase.components.ComponentRegistrar" />
73-->[com.google.firebase:firebase-installations:18.0.0] AndroidManifest.xml:17:17-82
74            <meta-data
74-->[com.google.firebase:firebase-installations:18.0.0] AndroidManifest.xml:18:13-20:85
75                android:name="com.google.firebase.components:com.google.firebase.installations.FirebaseInstallationsRegistrar"
75-->[com.google.firebase:firebase-installations:18.0.0] AndroidManifest.xml:19:17-127
76                android:value="com.google.firebase.components.ComponentRegistrar" />
76-->[com.google.firebase:firebase-installations:18.0.0] AndroidManifest.xml:20:17-82
77            <meta-data
77-->[com.google.firebase:firebase-common-ktx:21.0.0] AndroidManifest.xml:12:13-14:85
78                android:name="com.google.firebase.components:com.google.firebase.ktx.FirebaseCommonLegacyRegistrar"
78-->[com.google.firebase:firebase-common-ktx:21.0.0] AndroidManifest.xml:13:17-116
79                android:value="com.google.firebase.components.ComponentRegistrar" />
79-->[com.google.firebase:firebase-common-ktx:21.0.0] AndroidManifest.xml:14:17-82
80            <meta-data
80-->[com.google.firebase:firebase-common:21.0.0] AndroidManifest.xml:35:13-37:85
81                android:name="com.google.firebase.components:com.google.firebase.FirebaseCommonKtxRegistrar"
81-->[com.google.firebase:firebase-common:21.0.0] AndroidManifest.xml:36:17-109
82                android:value="com.google.firebase.components.ComponentRegistrar" />
82-->[com.google.firebase:firebase-common:21.0.0] AndroidManifest.xml:37:17-82
83        </service>
84
85        <receiver
85-->[com.google.android.gms:play-services-measurement:22.1.2] AndroidManifest.xml:29:9-33:20
86            android:name="com.google.android.gms.measurement.AppMeasurementReceiver"
86-->[com.google.android.gms:play-services-measurement:22.1.2] AndroidManifest.xml:30:13-85
87            android:enabled="true"
87-->[com.google.android.gms:play-services-measurement:22.1.2] AndroidManifest.xml:31:13-35
88            android:exported="false" >
88-->[com.google.android.gms:play-services-measurement:22.1.2] AndroidManifest.xml:32:13-37
89        </receiver>
90
91        <service
91-->[com.google.android.gms:play-services-measurement:22.1.2] AndroidManifest.xml:35:9-38:40
92            android:name="com.google.android.gms.measurement.AppMeasurementService"
92-->[com.google.android.gms:play-services-measurement:22.1.2] AndroidManifest.xml:36:13-84
93            android:enabled="true"
93-->[com.google.android.gms:play-services-measurement:22.1.2] AndroidManifest.xml:37:13-35
94            android:exported="false" />
94-->[com.google.android.gms:play-services-measurement:22.1.2] AndroidManifest.xml:38:13-37
95        <service
95-->[com.google.android.gms:play-services-measurement:22.1.2] AndroidManifest.xml:39:9-43:72
96            android:name="com.google.android.gms.measurement.AppMeasurementJobService"
96-->[com.google.android.gms:play-services-measurement:22.1.2] AndroidManifest.xml:40:13-87
97            android:enabled="true"
97-->[com.google.android.gms:play-services-measurement:22.1.2] AndroidManifest.xml:41:13-35
98            android:exported="false"
98-->[com.google.android.gms:play-services-measurement:22.1.2] AndroidManifest.xml:42:13-37
99            android:permission="android.permission.BIND_JOB_SERVICE" />
99-->[com.google.android.gms:play-services-measurement:22.1.2] AndroidManifest.xml:43:13-69
100
101        <property
101-->[com.google.android.gms:play-services-measurement-api:22.1.2] AndroidManifest.xml:30:9-32:61
102            android:name="android.adservices.AD_SERVICES_CONFIG"
102-->[com.google.android.gms:play-services-measurement-api:22.1.2] AndroidManifest.xml:31:13-65
103            android:resource="@xml/ga_ad_services_config" />
103-->[com.google.android.gms:play-services-measurement-api:22.1.2] AndroidManifest.xml:32:13-58
104
105        <provider
105-->[com.google.firebase:firebase-common:21.0.0] AndroidManifest.xml:23:9-28:39
106            android:name="com.google.firebase.provider.FirebaseInitProvider"
106-->[com.google.firebase:firebase-common:21.0.0] AndroidManifest.xml:24:13-77
107            android:authorities="br.com.precificacao.app.firebaseinitprovider"
107-->[com.google.firebase:firebase-common:21.0.0] AndroidManifest.xml:25:13-72
108            android:directBootAware="true"
108-->[com.google.firebase:firebase-common:21.0.0] AndroidManifest.xml:26:13-43
109            android:exported="false"
109-->[com.google.firebase:firebase-common:21.0.0] AndroidManifest.xml:27:13-37
110            android:initOrder="100" />
110-->[com.google.firebase:firebase-common:21.0.0] AndroidManifest.xml:28:13-36
111
112        <activity
112-->[com.google.android.gms:play-services-base:18.5.0] AndroidManifest.xml:5:9-173
113            android:name="com.google.android.gms.common.api.GoogleApiActivity"
113-->[com.google.android.gms:play-services-base:18.5.0] AndroidManifest.xml:5:19-85
114            android:exported="false"
114-->[com.google.android.gms:play-services-base:18.5.0] AndroidManifest.xml:5:146-170
115            android:theme="@android:style/Theme.Translucent.NoTitleBar" />
115-->[com.google.android.gms:play-services-base:18.5.0] AndroidManifest.xml:5:86-145
116
117        <uses-library
117-->[androidx.privacysandbox.ads:ads-adservices:1.0.0-beta05] AndroidManifest.xml:23:9-25:40
118            android:name="android.ext.adservices"
118-->[androidx.privacysandbox.ads:ads-adservices:1.0.0-beta05] AndroidManifest.xml:24:13-50
119            android:required="false" />
119-->[androidx.privacysandbox.ads:ads-adservices:1.0.0-beta05] AndroidManifest.xml:25:13-37
120
121        <meta-data
121-->[com.google.android.gms:play-services-basement:18.4.0] AndroidManifest.xml:6:9-122
122            android:name="com.google.android.gms.version"
122-->[com.google.android.gms:play-services-basement:18.4.0] AndroidManifest.xml:6:20-65
123            android:value="@integer/google_play_services_version" />
123-->[com.google.android.gms:play-services-basement:18.4.0] AndroidManifest.xml:6:66-119
124
125        <provider
125-->[androidx.emoji2:emoji2:1.3.0] AndroidManifest.xml:24:9-32:20
126            android:name="androidx.startup.InitializationProvider"
126-->[androidx.emoji2:emoji2:1.3.0] AndroidManifest.xml:25:13-67
127            android:authorities="br.com.precificacao.app.androidx-startup"
127-->[androidx.emoji2:emoji2:1.3.0] AndroidManifest.xml:26:13-68
128            android:exported="false" >
128-->[androidx.emoji2:emoji2:1.3.0] AndroidManifest.xml:27:13-37
129            <meta-data
129-->[androidx.emoji2:emoji2:1.3.0] AndroidManifest.xml:29:13-31:52
130                android:name="androidx.emoji2.text.EmojiCompatInitializer"
130-->[androidx.emoji2:emoji2:1.3.0] AndroidManifest.xml:30:17-75
131                android:value="androidx.startup" />
131-->[androidx.emoji2:emoji2:1.3.0] AndroidManifest.xml:31:17-49
132            <meta-data
132-->[androidx.lifecycle:lifecycle-process:2.8.7] AndroidManifest.xml:29:13-31:52
133                android:name="androidx.lifecycle.ProcessLifecycleInitializer"
133-->[androidx.lifecycle:lifecycle-process:2.8.7] AndroidManifest.xml:30:17-78
134                android:value="androidx.startup" />
134-->[androidx.lifecycle:lifecycle-process:2.8.7] AndroidManifest.xml:31:17-49
135            <meta-data
135-->[androidx.profileinstaller:profileinstaller:1.3.1] AndroidManifest.xml:29:13-31:52
136                android:name="androidx.profileinstaller.ProfileInstallerInitializer"
136-->[androidx.profileinstaller:profileinstaller:1.3.1] AndroidManifest.xml:30:17-85
137                android:value="androidx.startup" />
137-->[androidx.profileinstaller:profileinstaller:1.3.1] AndroidManifest.xml:31:17-49
138        </provider>
139
140        <activity
140-->[androidx.compose.ui:ui-tooling-android:1.7.5] AndroidManifest.xml:23:9-25:39
141            android:name="androidx.compose.ui.tooling.PreviewActivity"
141-->[androidx.compose.ui:ui-tooling-android:1.7.5] AndroidManifest.xml:24:13-71
142            android:exported="true" />
142-->[androidx.compose.ui:ui-tooling-android:1.7.5] AndroidManifest.xml:25:13-36
143
144        <receiver
144-->[androidx.profileinstaller:profileinstaller:1.3.1] AndroidManifest.xml:34:9-52:20
145            android:name="androidx.profileinstaller.ProfileInstallReceiver"
145-->[androidx.profileinstaller:profileinstaller:1.3.1] AndroidManifest.xml:35:13-76
146            android:directBootAware="false"
146-->[androidx.profileinstaller:profileinstaller:1.3.1] AndroidManifest.xml:36:13-44
147            android:enabled="true"
147-->[androidx.profileinstaller:profileinstaller:1.3.1] AndroidManifest.xml:37:13-35
148            android:exported="true"
148-->[androidx.profileinstaller:profileinstaller:1.3.1] AndroidManifest.xml:38:13-36
149            android:permission="android.permission.DUMP" >
149-->[androidx.profileinstaller:profileinstaller:1.3.1] AndroidManifest.xml:39:13-57
150            <intent-filter>
150-->[androidx.profileinstaller:profileinstaller:1.3.1] AndroidManifest.xml:40:13-42:29
151                <action android:name="androidx.profileinstaller.action.INSTALL_PROFILE" />
151-->[androidx.profileinstaller:profileinstaller:1.3.1] AndroidManifest.xml:41:17-91
151-->[androidx.profileinstaller:profileinstaller:1.3.1] AndroidManifest.xml:41:25-88
152            </intent-filter>
153            <intent-filter>
153-->[androidx.profileinstaller:profileinstaller:1.3.1] AndroidManifest.xml:43:13-45:29
154                <action android:name="androidx.profileinstaller.action.SKIP_FILE" />
154-->[androidx.profileinstaller:profileinstaller:1.3.1] AndroidManifest.xml:44:17-85
154-->[androidx.profileinstaller:profileinstaller:1.3.1] AndroidManifest.xml:44:25-82
155            </intent-filter>
156            <intent-filter>
156-->[androidx.profileinstaller:profileinstaller:1.3.1] AndroidManifest.xml:46:13-48:29
157                <action android:name="androidx.profileinstaller.action.SAVE_PROFILE" />
157-->[androidx.profileinstaller:profileinstaller:1.3.1] AndroidManifest.xml:47:17-88
157-->[androidx.profileinstaller:profileinstaller:1.3.1] AndroidManifest.xml:47:25-85
158            </intent-filter>
159            <intent-filter>
159-->[androidx.profileinstaller:profileinstaller:1.3.1] AndroidManifest.xml:49:13-51:29
160                <action android:name="androidx.profileinstaller.action.BENCHMARK_OPERATION" />
160-->[androidx.profileinstaller:profileinstaller:1.3.1] AndroidManifest.xml:50:17-95
160-->[androidx.profileinstaller:profileinstaller:1.3.1] AndroidManifest.xml:50:25-92
161            </intent-filter>
162        </receiver>
163    </application>
164
165</manifest>